<?xml version="1.0" encoding="UTF-8"?>
<!-- Generated by org.testng.reporters.JUnitXMLReporter -->
<testsuite ignored="0" hostname="nxt" failures="4" tests="9" name="Test" time="0.076" errors="0" timestamp="2024-10-30T22:33:43 ICT">
  <testcase classname="nxt_login_logout.LoginPage" name="testEmptyFieldsLogin" time="0.02">
    <failure type="java.lang.NullPointerException" message="Cannot invoke &amp;quot;org.openqa.selenium.WebDriver.findElement(org.openqa.selenium.By)&amp;quot; because &amp;quot;this.driver&amp;quot; is null">
      <![CDATA[java.lang.NullPointerException: Cannot invoke "org.openqa.selenium.WebDriver.findElement(org.openqa.selenium.By)" because "this.driver" is null
at nxt_login_logout.LoginPage.testEmptyFieldsLogin(LoginPage.java:107)
at java.base/java.util.ArrayList.forEach(ArrayList.java:1597)
... Removed 25 stack frames]]>
    </failure>
  </testcase> <!-- testEmptyFieldsLogin -->
  <testcase classname="nxt_login_logout.LoginPage" name="testEmptyPasswordAccountExisted" time="0.002"/>
  <testcase classname="nxt_login_logout.LoginPage" name="testEmptyPasswordAccountNotExist" time="0.001"/>
  <testcase classname="nxt_login_logout.LoginPage" name="testEmptyUserIDAccountExisted" time="0.001"/>
  <testcase classname="nxt_login_logout.LoginPage" name="testEmptyUserIDAccountNotExist" time="0.002"/>
  <testcase classname="nxt_login_logout.LoginPage" name="testIncorrectPassword" time="0.002">
    <failure type="java.lang.NullPointerException" message="Cannot invoke &amp;quot;org.openqa.selenium.WebDriver.switchTo()&amp;quot; because &amp;quot;this.driver&amp;quot; is null">
      <![CDATA[java.lang.NullPointerException: Cannot invoke "org.openqa.selenium.WebDriver.switchTo()" because "this.driver" is null
at nxt_login_logout.LoginPage.testIncorrectPassword(LoginPage.java:82)
at java.base/java.util.ArrayList.forEach(ArrayList.java:1597)
... Removed 25 stack frames]]>
    </failure>
  </testcase> <!-- testIncorrectPassword -->
  <testcase classname="nxt_login_logout.LoginPage" name="testIncorrectUserid" time="0.001">
    <failure type="java.lang.NullPointerException" message="Cannot invoke &amp;quot;org.openqa.selenium.WebDriver.switchTo()&amp;quot; because &amp;quot;this.driver&amp;quot; is null">
      <![CDATA[java.lang.NullPointerException: Cannot invoke "org.openqa.selenium.WebDriver.switchTo()" because "this.driver" is null
at nxt_login_logout.LoginPage.testIncorrectUserid(LoginPage.java:68)
at java.base/java.util.ArrayList.forEach(ArrayList.java:1597)
... Removed 25 stack frames]]>
    </failure>
  </testcase> <!-- testIncorrectUserid -->
  <testcase classname="nxt_login_logout.LoginPage" name="testInvalidLogin" time="0.002">
    <failure type="java.lang.NullPointerException" message="Cannot invoke &amp;quot;org.openqa.selenium.WebDriver.switchTo()&amp;quot; because &amp;quot;this.driver&amp;quot; is null">
      <![CDATA[java.lang.NullPointerException: Cannot invoke "org.openqa.selenium.WebDriver.switchTo()" because "this.driver" is null
at nxt_login_logout.LoginPage.testInvalidLogin(LoginPage.java:54)
at java.base/java.util.ArrayList.forEach(ArrayList.java:1597)
... Removed 25 stack frames]]>
    </failure>
  </testcase> <!-- testInvalidLogin -->
  <testcase classname="nxt_login_logout.LoginPage" name="testValidLogin" time="0.001"/>
</testsuite> <!-- Test -->
